<?xml version="1.0" encoding="UTF-8"?>
<testsuite xmlns:xsi="http://www.w3.org/2001/XMLSchema-instance" xsi:noNamespaceSchemaLocation="https://maven.apache.org/surefire/maven-surefire-plugin/xsd/surefire-test-report-3.0.xsd" version="3.0" name="runners.TestRunner" time="12.936" tests="2" errors="0" skipped="0" failures="0">
  <properties>
[...]
</properties>
  <testcase name="Open login page" classname="Login" time="3.586">
    <system-out><![CDATA[
Scenario: Open login page   &amp#27;[90m# src/test/resources/features/login.feature:4&amp#27;[0m
  &amp#27;[32mGiven &amp#27;[0m&amp#27;[32muser opens the site&amp#27;[0m &amp#27;[90m# steps.LoginSteps.openSite()&amp#27;[0m
  &amp#27;[32mThen &amp#27;[0m&amp#27;[32mpage is loaded&amp#27;[0m       &amp#27;[90m# steps.LoginSteps.pageLoaded()&amp#27;[0m
]]></system-out>
    <system-err><![CDATA[SLF4J(W): No SLF4J providers were found.
SLF4J(W): Defaulting to no-operation (NOP) logger implementation
SLF4J(W): See https://www.slf4j.org/codes.html#noProviders for further details.
июн. 23, 2026 7:57:44 AM org.openqa.selenium.devtools.CdpVersionFinder findNearestMatch
WARNING: Unable to find CDP implementation matching 149
июн. 23, 2026 7:57:44 AM org.openqa.selenium.chromium.ChromiumDriver lambda$new$5
WARNING: Unable to find version of CDP to use for 149.0.7827.115. You may need to include a dependency on a specific version of the CDP using something similar to `org.seleniumhq.selenium:selenium-devtools-v86:4.23.0` where the version ("v86") matches the version of the chromium-based browser you're using and the version number of the artifact is the same as Selenium's.
]]></system-err>
  </testcase>
  <testcase name="Register new user" classname="Register" time="8.592">
    <system-out><![CDATA[
Scenario: Register new user             &amp#27;[90m# src/test/resources/features/register.feature:3&amp#27;[0m
  &amp#27;[32mGiven &amp#27;[0m&amp#27;[32muser opens the site&amp#27;[0m             &amp#27;[90m# steps.LoginSteps.openSite()&amp#27;[0m
  &amp#27;[32mWhen &amp#27;[0m&amp#27;[32muser navigates to login page&amp#27;[0m     &amp#27;[90m# steps.RegisterSteps.openLogin()&amp#27;[0m
  &amp#27;[32mAnd &amp#27;[0m&amp#27;[32muser click register button&amp#27;[0m        &amp#27;[90m# steps.RegisterSteps.clickRegisterButton()&amp#27;[0m
  &amp#27;[32mAnd &amp#27;[0m&amp#27;[32muser fill first name&amp#27;[0m              &amp#27;[90m# steps.RegisterSteps.fillFirstName()&amp#27;[0m
  &amp#27;[32mAnd &amp#27;[0m&amp#27;[32muser fill last name&amp#27;[0m               &amp#27;[90m# steps.RegisterSteps.fillLastName()&amp#27;[0m
  &amp#27;[32mAnd &amp#27;[0m&amp#27;[32muser fill dob&amp#27;[0m                     &amp#27;[90m# steps.RegisterSteps.fillDob()&amp#27;[0m
  &amp#27;[32mAnd &amp#27;[0m&amp#27;[32muser select country&amp#27;[0m               &amp#27;[90m# steps.RegisterSteps.seletCountry()&amp#27;[0m
  &amp#27;[32mAnd &amp#27;[0m&amp#27;[32muser fill postalCode&amp#27;[0m              &amp#27;[90m# steps.RegisterSteps.seletPostalCode()&amp#27;[0m
  &amp#27;[32mAnd &amp#27;[0m&amp#27;[32muser fill houseNumber&amp#27;[0m             &amp#27;[90m# steps.RegisterSteps.fillHouse()&amp#27;[0m
  &amp#27;[32mAnd &amp#27;[0m&amp#27;[32muser fill street&amp#27;[0m                  &amp#27;[90m# steps.RegisterSteps.fillStreet()&amp#27;[0m
  &amp#27;[32mAnd &amp#27;[0m&amp#27;[32muser fill city&amp#27;[0m                    &amp#27;[90m# steps.RegisterSteps.fillCity()&amp#27;[0m
  &amp#27;[32mAnd &amp#27;[0m&amp#27;[32muser fill state&amp#27;[0m                   &amp#27;[90m# steps.RegisterSteps.fillState()&amp#27;[0m
  &amp#27;[32mAnd &amp#27;[0m&amp#27;[32muser fill phone&amp#27;[0m                   &amp#27;[90m# steps.RegisterSteps.fillPhoneNum()&amp#27;[0m
  &amp#27;[32mAnd &amp#27;[0m&amp#27;[32muser fill email&amp#27;[0m                   &amp#27;[90m# steps.RegisterSteps.fillEmail()&amp#27;[0m
  &amp#27;[32mAnd &amp#27;[0m&amp#27;[32muser fill password&amp#27;[0m                &amp#27;[90m# steps.RegisterSteps.fillPassword()&amp#27;[0m
  &amp#27;[32mAnd &amp#27;[0m&amp#27;[32muser click finish register button&amp#27;[0m &amp#27;[90m# steps.RegisterSteps.clickRegisterBtn()&amp#27;[0m
  &amp#27;[32mAnd &amp#27;[0m&amp#27;[32muser enters valid credentials&amp#27;[0m     &amp#27;[90m# steps.RegisterSteps.validLogin()&amp#27;[0m
  &amp#27;[32mAnd &amp#27;[0m&amp#27;[32muser clicks login button&amp#27;[0m          &amp#27;[90m# steps.RegisterSteps.submitForm()&amp#27;[0m
  &amp#27;[32mThen &amp#27;[0m&amp#27;[32mmy account page is displayed&amp#27;[0m     &amp#27;[90m# steps.RegisterSteps.loginPageLoaded()&amp#27;[0m
]]></system-out>
    <system-err><![CDATA[июн. 23, 2026 7:57:47 AM org.openqa.selenium.devtools.CdpVersionFinder findNearestMatch
WARNING: Unable to find CDP implementation matching 149
июн. 23, 2026 7:57:47 AM org.openqa.selenium.chromium.ChromiumDriver lambda$new$5
WARNING: Unable to find version of CDP to use for 149.0.7827.115. You may need to include a dependency on a specific version of the CDP using something similar to `org.seleniumhq.selenium:selenium-devtools-v86:4.23.0` where the version ("v86") matches the version of the chromium-based browser you're using and the version number of the artifact is the same as Selenium's.
]]></system-err>
  </testcase>
</testsuite>